 ⚠ Unsupported metadata viewport is configured in metadata export in /. Please move it to viewport export instead.
Read more: https://nextjs.org/docs/app/api-reference/functions/generate-viewport
 ⚠ Unsupported metadata viewport is configured in metadata export in /analytics. Please move it to viewport export instead.
Read more: https://nextjs.org/docs/app/api-reference/functions/generate-viewport
 ⚠ Unsupported metadata viewport is configured in metadata export in /settings. Please move it to viewport export instead.
Read more: https://nextjs.org/docs/app/api-reference/functions/generate-viewport
 ⚠ Unsupported metadata viewport is configured in metadata export in /entries. Please move it to viewport export instead.
Read more: https://nextjs.org/docs/app/api-reference/functions/generate-viewport
 ⚠ Unsupported metadata viewport is configured in metadata export in /entries/cmcj1zjr20006whypoulcg39f. Please move it to viewport export instead.
Read more: https://nextjs.org/docs/app/api-reference/functions/generate-viewport
 ⚠ Unsupported metadata viewport is configured in metadata export in /entries/cmcib3etr0008tj8vt1taisvn. Please move it to viewport export instead.
Read more: https://nextjs.org/docs/app/api-reference/functions/generate-viewport
 ⚠ Unsupported metadata viewport is configured in metadata export in /entries/cmcj1zjr40008whyp63m9plmo. Please move it to viewport export instead.
Read more: https://nextjs.org/docs/app/api-reference/functions/generate-viewport
 ⚠ Unsupported metadata viewport is configured in metadata export in /entries/cmcifpn6z0008wp021x7oq4a5. Please move it to viewport export instead.
Read more: https://nextjs.org/docs/app/api-reference/functions/generate-viewport
 ⚠ Unsupported metadata viewport is configured in metadata export in /entries/cmcj25x640001oa01bm2r7w2k. Please move it to viewport export instead.
Read more: https://nextjs.org/docs/app/api-reference/functions/generate-viewport
 ⚠ Unsupported metadata viewport is configured in metadata export in /entry/new. Please move it to viewport export instead.
Read more: https://nextjs.org/docs/app/api-reference/functions/generate-viewport
 ⚠ Unsupported metadata viewport is configured in metadata export in /entries/cmcifpn6t0002wp02zcwmdwwd. Please move it to viewport export instead.
Read more: https://nextjs.org/docs/app/api-reference/functions/generate-viewport
 ⚠ Unsupported metadata viewport is configured in metadata export in /entries/cmcib3etn0004tj8vov58qiry. Please move it to viewport export instead.
Read more: https://nextjs.org/docs/app/api-reference/functions/generate-viewport
 ⚠ Unsupported metadata viewport is configured in metadata export in /entries/cmcj1zjr00004whypgfqloiho. Please move it to viewport export instead.
Read more: https://nextjs.org/docs/app/api-reference/functions/generate-viewport
 ⚠ Unsupported metadata viewport is configured in metadata export in /entries/cmcj1zjqu0002whypazcwr5ps. Please move it to viewport export instead.
Read more: https://nextjs.org/docs/app/api-reference/functions/generate-viewport
 ⚠ Unsupported metadata viewport is configured in metadata export in /entries/cmcib3etk0002tj8vj9h2rar6. Please move it to viewport export instead.
Read more: https://nextjs.org/docs/app/api-reference/functions/generate-viewport
 ⚠ Unsupported metadata viewport is configured in metadata export in /entries/cmcib3etp0006tj8vr59w31iu. Please move it to viewport export instead.
Read more: https://nextjs.org/docs/app/api-reference/functions/generate-viewport
 ⚠ Unsupported metadata viewport is configured in metadata export in /entries/cmcifpn6y0006wp02kuzo2k9o. Please move it to viewport export instead.
Read more: https://nextjs.org/docs/app/api-reference/functions/generate-viewport
 ⚠ Unsupported metadata viewport is configured in metadata export in /entries/cmcifpn6w0004wp024axyfwnc. Please move it to viewport export instead.
Read more: https://nextjs.org/docs/app/api-reference/functions/generate-viewport
 ⚠ Unsupported metadata viewport is configured in metadata export in /login. Please move it to viewport export instead.
Read more: https://nextjs.org/docs/app/api-reference/functions/generate-viewport
 ⚠ Unsupported metadata viewport is configured in metadata export in /signup. Please move it to viewport export instead.
Read more: https://nextjs.org/docs/app/api-reference/functions/generate-viewport
