  ▲ Next.js 14.2.28
  - Local:        http://localhost:3000
  - Environments: .env
  - Experiments (use with caution):
    · outputFileTracingRoot

 ✓ Starting...
 ✓ Ready in 2.1s
 ○ Compiling /middleware ...
 ✓ Compiled /middleware in 563ms (174 modules)
 ○ Compiling /api/auth/[...nextauth] ...
 ✓ Compiled /api/auth/[...nextauth] in 751ms (276 modules)
 GET /api/auth/signin?callbackUrl=%2F 302 in 1268ms
 ○ Compiling /login ...
 ✓ Compiled /login in 3s (914 modules)
 GET /login?callbackUrl=https%3A%2F%2F7414a0bca.preview.abacusai.app%2F 200 in 3443ms
 ✓ Compiled in 452ms (338 modules)
 GET /login 200 in 59ms
 GET /api/auth/session 200 in 70ms
 GET /api/auth/session 200 in 33ms
 GET /api/auth/providers 200 in 95ms
 GET /api/auth/csrf 200 in 26ms
 POST /api/auth/callback/credentials 200 in 24ms
 GET /api/auth/session 200 in 24ms
 GET /login?callbackUrl=https%3A%2F%2F7414a0bca.preview.abacusai.app%2F 200 in 34ms
 GET /api/auth/session 200 in 41ms
 GET /api/auth/session 200 in 27ms
 ○ Compiling /signup ...
 ✓ Compiled /signup in 519ms (921 modules)
 GET /signup 200 in 598ms
 GET /api/auth/session 200 in 45ms
 GET /api/auth/session 200 in 24ms
 GET /login 200 in 37ms
 GET /api/auth/session 200 in 35ms
 GET /api/auth/session 200 in 22ms
 GET /signup 200 in 32ms
 GET /login 200 in 43ms
 GET /signup 200 in 44ms
 GET /api/auth/signin?callbackUrl=%2F 302 in 96ms
 GET /login?callbackUrl=https%3A%2F%2F7414a0bca.preview.abacusai.app%2F 200 in 53ms
 GET /api/auth/session 200 in 28ms
 GET /api/auth/session 200 in 25ms
[?25h
