  ▲ Next.js 14.2.28
  - Local:        http://localhost:3000
  - Environments: .env
  - Experiments (use with caution):
    · outputFileTracingRoot

 ✓ Starting...
Attention: Next.js now collects completely anonymous telemetry regarding usage.
This information is used to shape Next.js' roadmap and prioritize features.
You can learn more, including how to opt-out if you'd not like to participate in this anonymous program, by visiting the following URL:
https://nextjs.org/telemetry

 ✓ Ready in 1280ms
 ○ Compiling /middleware ...
 ✓ Compiled /middleware in 519ms (174 modules)
 ○ Compiling /api/auth/[...nextauth] ...
 ✓ Compiled /api/auth/[...nextauth] in 752ms (272 modules)
 GET /api/auth/signin?callbackUrl=%2F 302 in 1241ms
 ○ Compiling /login ...
 ✓ Compiled /login in 2.7s (910 modules)
 GET /login?callbackUrl=https%3A%2F%2F7414a0bca.preview.abacusai.app%2F 200 in 3127ms
 ✓ Compiled in 383ms (338 modules)
 GET /login 200 in 59ms
 GET /api/auth/session 200 in 77ms
 GET /api/auth/session 200 in 23ms
 GET /api/auth/providers 200 in 70ms
 GET /api/auth/csrf 200 in 19ms
 POST /api/auth/callback/credentials 200 in 19ms
 GET /api/auth/session 200 in 18ms
 GET /login?callbackUrl=https%3A%2F%2F7414a0bca.preview.abacusai.app%2F 200 in 29ms
 GET /api/auth/session 200 in 31ms
 GET /api/auth/session 200 in 17ms
 ✓ Compiled /signup in 407ms (901 modules)
 GET /signup 200 in 473ms
 GET /api/auth/session 200 in 39ms
 GET /api/auth/session 200 in 17ms
 GET /login 200 in 31ms
 GET /api/auth/session 200 in 30ms
 GET /api/auth/session 200 in 17ms
 GET /login 200 in 27ms
 GET /login 200 in 38ms
 GET /signup 200 in 40ms
[?25h
