➤ YN0000: · Yarn 4.9.2
➤ YN0000: ┌ Resolution step
➤ YN0085: │ + @types/crypto-js@npm:4.2.2, @types/qrcode@npm:1.5.5, @types/speakeasy@npm:2.0.10, crypto-js@npm:4.2.0, node-cache@npm:5.1.2, otplib@npm:12.0.1, and 28 more.
➤ YN0000: └ Completed in 1s 322ms
➤ YN0000: ┌ Post-resolution validation
➤ YN0060: │ @typescript-eslint/parser is listed by your project with version 7.0.0 (p6cb6c), which doesn't satisfy what @typescript-eslint/eslint-plugin requests (^6.0.0-alpha).
➤ YN0060: │ eslint is listed by your project with version 9.24.0 (pe6e00), which doesn't satisfy what @typescript-eslint/eslint-plugin and other dependencies request (^8.57.0).
➤ YN0002: │ app@workspace:. doesn't provide prettier (pd88b5), requested by eslint-plugin-prettier.
➤ YN0086: │ Some peer dependencies are incorrectly met by your project; run yarn explain peer-requirements <hash> for details, where <hash> is the six-letter p-prefixed code.
➤ YN0086: │ Some peer dependencies are incorrectly met by dependencies; run yarn explain peer-requirements for details.
➤ YN0000: └ Completed
➤ YN0000: ┌ Fetch step
➤ YN0000: └ Completed in 2s 740ms
➤ YN0000: ┌ Link step
➤ YN0000: └ Completed in 0s 679ms
➤ YN0000: · Done with warnings in 4s 911ms
Environment variables loaded from .env
Prisma schema loaded from prisma/schema.prisma

✔ Generated Prisma Client (v6.7.0) to ./node_modules/.prisma/client in 118ms

Start by importing your Prisma Client (See: https://pris.ly/d/importing-client)

Tip: Want real-time updates to your database without manual polling? Discover how with Pulse: https://pris.ly/tip-0-pulse

Starting server...
  ▲ Next.js 14.2.28
  - Local:        http://localhost:3000
  - Environments: .env
  - Experiments (use with caution):
    · outputFileTracingRoot

 ✓ Starting...
 ✓ Ready in 1803ms
   Reload env: .env
 ✓ Compiled /middleware in 227ms (174 modules)
 ✓ Compiled /api/auth/[...nextauth] in 468ms (276 modules)
 GET /api/auth/signin?callbackUrl=%2F 302 in 948ms
 ○ Compiling /login ...
 ✓ Compiled /login in 2.8s (914 modules)
 GET /login?callbackUrl=https%3A%2F%2F7414a0bca.preview.abacusai.app%2F 200 in 3254ms
 ✓ Compiled in 424ms (338 modules)
 GET /api/auth/session 200 in 88ms
 GET /api/auth/session 200 in 24ms
