➤ YN0000: · Yarn 4.9.2
➤ YN0000: ┌ Resolution step
➤ YN0085: │ + @types/crypto-js@npm:4.2.2, @types/qrcode@npm:1.5.5, @types/speakeasy@npm:2.0.10, crypto-js@npm:4.2.0, node-cache@npm:5.1.2, otplib@npm:12.0.1, and 28 more.
➤ YN0000: └ Completed in 0s 895ms
➤ YN0000: ┌ Post-resolution validation
➤ YN0060: │ @typescript-eslint/parser is listed by your project with version 7.0.0 (p6cb6c), which doesn't satisfy what @typescript-eslint/eslint-plugin requests (^6.0.0-alpha).
➤ YN0060: │ eslint is listed by your project with version 9.24.0 (pe6e00), which doesn't satisfy what @typescript-eslint/eslint-plugin and other dependencies request (^8.57.0).
➤ YN0002: │ app@workspace:. doesn't provide prettier (pd88b5), requested by eslint-plugin-prettier.
➤ YN0086: │ Some peer dependencies are incorrectly met by your project; run yarn explain peer-requirements <hash> for details, where <hash> is the six-letter p-prefixed code.
➤ YN0086: │ Some peer dependencies are incorrectly met by dependencies; run yarn explain peer-requirements for details.
➤ YN0000: └ Completed
➤ YN0000: ┌ Fetch step
➤ YN0000: └ Completed in 3s 156ms
➤ YN0000: ┌ Link step
➤ YN0000: └ Completed in 0s 845ms
➤ YN0000: · Done with warnings in 5s 74ms
Environment variables loaded from .env
Prisma schema loaded from prisma/schema.prisma

✔ Generated Prisma Client (v6.7.0) to ./node_modules/.prisma/client in 128ms

Start by importing your Prisma Client (See: https://pris.ly/d/importing-client)

Tip: Interested in query caching in just a few lines of code? Try Accelerate today! https://pris.ly/tip-3-accelerate

Starting server...
  ▲ Next.js 14.2.28
  - Local:        http://localhost:3000
  - Environments: .env
  - Experiments (use with caution):
    · outputFileTracingRoot

 ✓ Starting...
 ✓ Ready in 1812ms
 ✓ Compiled /middleware in 290ms (174 modules)
 ✓ Compiled /api/auth/[...nextauth] in 423ms (276 modules)
 GET /api/auth/signin?callbackUrl=%2F 302 in 976ms
 ○ Compiling /login ...
 ✓ Compiled /login in 2.1s (907 modules)
 GET /login?callbackUrl=https%3A%2F%2F7414a0bca.preview.abacusai.app%2F 200 in 2464ms
 ✓ Compiled in 429ms (338 modules)
 GET /api/auth/session 200 in 76ms
 GET /api/auth/session 200 in 25ms
 GET /api/auth/signin?callbackUrl=%2F 302 in 32ms
 GET /api/auth/signin?callbackUrl=%2F 302 in 25ms
 GET /login?callbackUrl=https%3A%2F%2F7414a0bca.preview.abacusai.app%2F 200 in 39ms
 GET /login?callbackUrl=https%3A%2F%2F7414a0bca.preview.abacusai.app%2F 200 in 33ms
 GET /api/auth/signin?callbackUrl=%2F 302 in 35ms
 GET /api/auth/signin?callbackUrl=%2F 302 in 24ms
 GET /login?callbackUrl=https%3A%2F%2F7414a0bca.preview.abacusai.app%2F 200 in 33ms
 GET /login?callbackUrl=https%3A%2F%2F7414a0bca.preview.abacusai.app%2F 200 in 35ms
 GET /api/auth/signin?callbackUrl=%2F 302 in 47ms
 GET /login?callbackUrl=https%3A%2F%2F7414a0bca.preview.abacusai.app%2F 200 in 30ms
 GET /api/auth/session 200 in 39ms
 GET /api/auth/session 200 in 27ms
 GET /api/auth/signin?callbackUrl=%2F 302 in 28ms
 GET /login?callbackUrl=https%3A%2F%2F7414a0bca.preview.abacusai.app%2F 200 in 38ms
 GET /api/auth/signin?callbackUrl=%2F 302 in 33ms
 GET /login?callbackUrl=https%3A%2F%2F7414a0bca.preview.abacusai.app%2F 200 in 33ms
 GET /api/auth/signin?callbackUrl=%2F 302 in 31ms
 GET /login?callbackUrl=https%3A%2F%2F7414a0bca.preview.abacusai.app%2F 200 in 42ms
 GET /api/auth/session 200 in 33ms
 GET /api/auth/session 200 in 25ms
 GET /api/auth/signin?callbackUrl=%2F 302 in 32ms
 GET /api/auth/signin?callbackUrl=%2F 302 in 25ms
 GET /login?callbackUrl=https%3A%2F%2F7414a0bca.preview.abacusai.app%2F 200 in 34ms
 GET /login?callbackUrl=https%3A%2F%2F7414a0bca.preview.abacusai.app%2F 200 in 31ms
 GET /api/auth/signin?callbackUrl=%2F 302 in 34ms
 GET /login?callbackUrl=https%3A%2F%2F7414a0bca.preview.abacusai.app%2F 200 in 28ms
 GET /api/auth/session 200 in 33ms
 GET /api/auth/session 200 in 21ms
 GET /api/auth/signin?callbackUrl=%2F 302 in 29ms
 GET /api/auth/signin?callbackUrl=%2F 302 in 24ms
 GET /login?callbackUrl=https%3A%2F%2F7414a0bca.preview.abacusai.app%2F 200 in 32ms
 GET /login?callbackUrl=https%3A%2F%2F7414a0bca.preview.abacusai.app%2F 200 in 31ms
 GET /api/auth/signin?callbackUrl=%2F 302 in 36ms
 GET /login?callbackUrl=https%3A%2F%2F7414a0bca.preview.abacusai.app%2F 200 in 30ms
 GET /api/auth/session 200 in 41ms
 GET /api/auth/session 200 in 22ms
 ○ Compiling /signup ...
 ✓ Compiled /signup in 704ms (670 modules)
 ✓ Compiled /login in 129ms (337 modules)
 ✓ Compiled in 813ms (524 modules)
 ✓ Compiled in 349ms (350 modules)
 ✓ Compiled in 347ms (350 modules)
 ✓ Compiled in 355ms (350 modules)
 ✓ Compiled in 816ms (410 modules)
 ✓ Compiled in 487ms (413 modules)
 ✓ Compiled in 277ms (413 modules)
 ✓ Compiled in 454ms (413 modules)
 ✓ Compiled in 556ms (413 modules)
 ✓ Compiled in 304ms (413 modules)
 ✓ Compiled in 453ms (413 modules)
 ✓ Compiled in 316ms (413 modules)
 ✓ Compiled /api/auth/[...nextauth] in 200ms (276 modules)
 GET /api/auth/signin?callbackUrl=%2F 302 in 306ms
 ✓ Compiled /login in 290ms (569 modules)
 GET /login?callbackUrl=https%3A%2F%2F7414a0bca.preview.abacusai.app%2F 200 in 437ms
 GET /api/auth/signin?callbackUrl=%2F 302 in 61ms
 GET /login?callbackUrl=https%3A%2F%2F7414a0bca.preview.abacusai.app%2F 200 in 31ms
 GET /api/auth/signin?callbackUrl=%2F 302 in 38ms
 GET /login?callbackUrl=https%3A%2F%2F7414a0bca.preview.abacusai.app%2F 200 in 35ms
 GET /api/auth/session 200 in 36ms
 GET /api/auth/session 200 in 23ms
 ✓ Compiled in 455ms (413 modules)
