  ▲ Next.js 14.2.28
  - Local:        http://localhost:3000
  - Environments: .env
  - Experiments (use with caution):
    · outputFileTracingRoot

 ✓ Starting...
 ✓ Ready in 1481ms
 ✓ Compiled /api/auth/[...nextauth] in 386ms (276 modules)
 GET /api/auth/csrf 200 in 834ms
User signed in: {
  userId: 'cmcib3ete0000tj8v13zkqcu0',
  email: 'john@doe.com',
  isNewUser: undefined
}
 POST /api/auth/callback/credentials 302 in 448ms
 ✓ Compiled /middleware in 201ms (174 modules)
 ○ Compiling / ...
 ✓ Compiled / in 2.3s (987 modules)
 GET / 200 in 2682ms
 ✓ Compiled in 420ms (378 modules)
 GET /api/auth/session 200 in 77ms
 ✓ Compiled /api/entries in 303ms (635 modules)
 GET /api/auth/session 200 in 508ms
 GET /api/entries?limit=5 200 in 535ms
 GET /api/entries?limit=5 200 in 33ms
 ○ Compiling /analytics ...
 ✓ Compiled /analytics in 2.8s (2273 modules)
 GET /analytics 200 in 2970ms
 GET /settings 200 in 2974ms
 GET /entries 200 in 3014ms
 GET /entries/cmcj1zjr20006whypoulcg39f 200 in 3231ms
 GET /entries/cmcifpn6z0008wp021x7oq4a5 200 in 3188ms
 GET /entries/cmcj1zjr40008whyp63m9plmo 200 in 3189ms
 GET /entries/cmcj25x640001oa01bm2r7w2k 200 in 3189ms
 GET /entries/cmcib3etr0008tj8vt1taisvn 200 in 3190ms
 ○ Compiling /api/analytics ...
 ✓ Compiled /api/analytics in 557ms (1277 modules)
 ✓ Compiled /api/entries/[id] in 0ms (1277 modules)
 ✓ Compiled in 0ms (1279 modules)
 GET /api/auth/session 200 in 1349ms
 GET /api/entries? 200 in 1234ms
 GET /api/analytics?range=30 200 in 1441ms
 GET /api/entries? 200 in 46ms
 GET /api/auth/session 200 in 46ms
 GET /api/analytics?range=30 200 in 40ms
 GET /api/auth/session 200 in 28ms
 GET /api/auth/session 200 in 23ms
 GET /api/auth/session 200 in 23ms
 GET /api/auth/session 200 in 19ms
 GET /api/auth/session 200 in 70ms
 GET /api/entries/cmcj1zjr20006whypoulcg39f 200 in 1415ms
 GET /api/entries/cmcj1zjr40008whyp63m9plmo 200 in 1407ms
 GET /api/entries/cmcib3etr0008tj8vt1taisvn 200 in 1408ms
 GET /api/entries/cmcj25x640001oa01bm2r7w2k 200 in 1409ms
 GET /api/entries/cmcifpn6z0008wp021x7oq4a5 200 in 1211ms
 GET /api/entries/cmcifpn6z0008wp021x7oq4a5 200 in 61ms
 GET /api/entries/cmcj1zjr40008whyp63m9plmo 200 in 60ms
 GET /api/entries/cmcib3etr0008tj8vt1taisvn 200 in 57ms
 GET /api/entries/cmcj1zjr20006whypoulcg39f 200 in 57ms
 GET /api/entries/cmcj25x640001oa01bm2r7w2k 200 in 57ms
 GET /api/auth/session 200 in 62ms
 GET /api/auth/session 200 in 23ms
 GET /api/auth/session 200 in 18ms
 GET /api/auth/session 200 in 30ms
 GET /api/auth/session 200 in 33ms
 GET /api/auth/session 200 in 18ms
 GET /api/auth/session 200 in 23ms
 GET /api/auth/session 200 in 20ms
 GET /api/auth/session 200 in 343ms
 GET /api/auth/session 200 in 24ms
 GET /api/auth/session 200 in 20ms
 GET /api/auth/session 200 in 18ms
 GET /api/auth/session 200 in 20ms
 GET /api/auth/session 200 in 19ms
 GET /api/auth/session 200 in 100ms
 GET /api/auth/session 200 in 24ms
 GET /api/auth/session 200 in 19ms
 GET /api/auth/session 200 in 18ms
 GET /api/auth/session 200 in 21ms
 GET /api/auth/session 200 in 18ms
 GET /api/auth/session 200 in 34ms
 GET /api/auth/session 200 in 18ms
 GET /api/auth/session 200 in 21ms
 ○ Compiling /entry/new ...
 ✓ Compiled /entry/new in 1600ms (2429 modules)
 GET /entries/cmcifpn6t0002wp02zcwmdwwd 200 in 1827ms
 GET /entry/new 200 in 1836ms
 GET /entries/cmcj1zjqu0002whypazcwr5ps 200 in 1812ms
 GET /entries/cmcj1zjr00004whypgfqloiho 200 in 1813ms
 GET /entries/cmcib3etn0004tj8vov58qiry 200 in 1813ms
 GET /entries/cmcib3etp0006tj8vr59w31iu 200 in 1775ms
 GET /entries/cmcifpn6y0006wp02kuzo2k9o 200 in 1775ms
 GET /entries/cmcib3etk0002tj8vj9h2rar6 200 in 1776ms
 GET /entries/cmcifpn6w0004wp024axyfwnc 200 in 1836ms
 GET /api/auth/session 200 in 127ms
 GET /api/entries/cmcifpn6t0002wp02zcwmdwwd 200 in 165ms
 GET /api/entries/cmcj1zjqu0002whypazcwr5ps 200 in 174ms
 GET /api/entries/cmcj1zjr00004whypgfqloiho 200 in 174ms
 GET /api/entries/cmcib3etn0004tj8vov58qiry 200 in 92ms
 GET /api/entries/cmcib3etk0002tj8vj9h2rar6 200 in 79ms
 GET /api/auth/session 200 in 86ms
 GET /api/entries/cmcifpn6w0004wp024axyfwnc 200 in 77ms
 GET /api/entries/cmcj1zjqu0002whypazcwr5ps 200 in 76ms
 GET /api/entries/cmcifpn6t0002wp02zcwmdwwd 200 in 77ms
 GET /api/entries/cmcifpn6y0006wp02kuzo2k9o 200 in 54ms
 GET /api/entries/cmcib3etp0006tj8vr59w31iu 200 in 54ms
 GET /api/entries/cmcj1zjr00004whypgfqloiho 200 in 69ms
 GET /api/entries/cmcib3etn0004tj8vov58qiry 200 in 30ms
 GET /api/auth/session 200 in 45ms
 GET /api/entries/cmcib3etk0002tj8vj9h2rar6 200 in 53ms
 GET /api/entries/cmcib3etp0006tj8vr59w31iu 200 in 41ms
 GET /api/entries/cmcifpn6w0004wp024axyfwnc 200 in 35ms
 GET /api/entries/cmcifpn6y0006wp02kuzo2k9o 200 in 44ms
 GET /api/auth/session 200 in 20ms
 GET /api/auth/session 200 in 18ms
 GET /api/auth/session 200 in 40ms
 GET /api/auth/session 200 in 16ms
 GET /api/auth/session 200 in 20ms
 GET /api/auth/session 200 in 19ms
 GET /api/auth/session 200 in 16ms
 GET /api/auth/session 200 in 17ms
 GET /api/auth/session 200 in 28ms
 GET /api/auth/session 200 in 15ms
 GET /api/auth/session 200 in 15ms
 GET /api/auth/session 200 in 15ms
 GET /api/auth/session 200 in 16ms
 GET /api/auth/session 200 in 18ms
 GET /api/auth/session 200 in 31ms
 GET /api/auth/session 200 in 16ms
 GET /api/auth/session 200 in 16ms
 GET /api/auth/session 200 in 16ms
 GET /api/auth/session 200 in 17ms
 GET /api/auth/session 200 in 16ms
 GET /api/auth/session 200 in 30ms
 GET /api/auth/session 200 in 18ms
 GET /api/auth/session 200 in 16ms
 GET /api/auth/session 200 in 17ms
 GET /api/auth/session 200 in 17ms
 GET /api/auth/session 200 in 16ms
 GET /api/auth/session 200 in 35ms
 GET /api/auth/session 200 in 18ms
 ○ Compiling /login ...
 ✓ Compiled /login in 530ms (2441 modules)
 GET /login 200 in 595ms
 ○ Compiling /signup ...
 ✓ Compiled /signup in 568ms (2473 modules)
 GET /signup 200 in 637ms
[?25h
