  ▲ Next.js 14.2.28
  - Local:        http://localhost:3000
  - Environments: .env
  - Experiments (use with caution):
    · outputFileTracingRoot

 ✓ Starting...
 ✓ Ready in 1896ms
 ○ Compiling /middleware ...
 ✓ Compiled /middleware in 584ms (174 modules)
 ○ Compiling /api/auth/[...nextauth] ...
 ✓ Compiled /api/auth/[...nextauth] in 545ms (276 modules)
 GET /api/auth/signin?callbackUrl=%2F 302 in 1053ms
 GET /api/auth/signin?callbackUrl=%2F 302 in 1094ms
 ○ Compiling /login ...
 ✓ Compiled /login in 2.5s (914 modules)
 GET /login?callbackUrl=https%3A%2F%2F7414a0bca.preview.abacusai.app%2F 200 in 2962ms
 GET /login?callbackUrl=https%3A%2F%2F7414a0bca.preview.abacusai.app%2F 200 in 2965ms
 ✓ Compiled in 440ms (338 modules)
 GET /api/auth/signin?callbackUrl=%2F 302 in 76ms
 GET /login?callbackUrl=https%3A%2F%2F7414a0bca.preview.abacusai.app%2F 200 in 47ms
 GET /api/auth/session 200 in 36ms
 GET /api/auth/session 200 in 26ms
 GET /api/auth/signin?callbackUrl=%2F 302 in 33ms
 GET /login?callbackUrl=https%3A%2F%2F7414a0bca.preview.abacusai.app%2F 200 in 36ms
 GET /api/auth/signin?callbackUrl=%2F 302 in 31ms
 GET /login?callbackUrl=https%3A%2F%2F7414a0bca.preview.abacusai.app%2F 200 in 40ms
 GET /api/auth/signin?callbackUrl=%2F 302 in 39ms
 GET /login?callbackUrl=https%3A%2F%2F7414a0bca.preview.abacusai.app%2F 200 in 32ms
 GET /api/auth/session 200 in 48ms
 GET /api/auth/session 200 in 27ms
