➤ YN0000: · Yarn 4.9.2
➤ YN0000: ┌ Resolution step
➤ YN0000: └ Completed
➤ YN0000: ┌ Post-resolution validation
➤ YN0060: │ @typescript-eslint/parser is listed by your project with version 7.0.0 (p6cb6c), which doesn't satisfy what @typescript-eslint/eslint-plugin requests (^6.0.0-alpha).
➤ YN0060: │ eslint is listed by your project with version 9.24.0 (pe6e00), which doesn't satisfy what @typescript-eslint/eslint-plugin and other dependencies request (^8.57.0).
➤ YN0002: │ app@workspace:. doesn't provide prettier (pd88b5), requested by eslint-plugin-prettier.
➤ YN0086: │ Some peer dependencies are incorrectly met by your project; run yarn explain peer-requirements <hash> for details, where <hash> is the six-letter p-prefixed code.
➤ YN0086: │ Some peer dependencies are incorrectly met by dependencies; run yarn explain peer-requirements for details.
➤ YN0000: └ Completed
➤ YN0000: ┌ Fetch step
➤ YN0000: └ Completed in 3s 246ms
➤ YN0000: ┌ Link step
➤ YN0000: └ Completed in 0s 603ms
➤ YN0000: · Done with warnings in 4s 183ms
Environment variables loaded from .env
Prisma schema loaded from prisma/schema.prisma

✔ Generated Prisma Client (v6.7.0) to ./node_modules/.prisma/client in 87ms

Start by importing your Prisma Client (See: https://pris.ly/d/importing-client)

Tip: Interested in query caching in just a few lines of code? Try Accelerate today! https://pris.ly/tip-3-accelerate

Starting server...
  ▲ Next.js 14.2.28
  - Local:        http://localhost:3000
  - Environments: .env
  - Experiments (use with caution):
    · outputFileTracingRoot

 ✓ Starting...
 ✓ Ready in 1755ms
 ○ Compiling /middleware ...
 ✓ Compiled /middleware in 561ms (174 modules)
 ✓ Compiled /api/auth/[...nextauth] in 425ms (272 modules)
 GET /api/auth/signin?callbackUrl=%2F 302 in 925ms
 ○ Compiling /login ...
 ✓ Compiled /login in 1848ms (903 modules)
 GET /login?callbackUrl=https%3A%2F%2F7414a0bca.preview.abacusai.app%2F 200 in 2230ms
 ✓ Compiled in 376ms (338 modules)
 GET /api/auth/session 200 in 62ms
 GET /api/auth/session 200 in 21ms
 ✓ Compiled in 28ms
 ✓ Compiled in 777ms (512 modules)
 ✓ Compiled in 309ms (338 modules)
 ✓ Compiled in 461ms (338 modules)
 ✓ Compiled in 335ms (338 modules)
 ✓ Compiled in 351ms (338 modules)
 ✓ Compiled in 762ms (512 modules)
 ✓ Compiled in 107ms (174 modules)
 ✓ Compiled in 374ms (338 modules)
[?25h
