  ▲ Next.js 14.2.28
  - Local:        http://localhost:3000
  - Environments: .env
  - Experiments (use with caution):
    · outputFileTracingRoot

 ✓ Starting...
 ✓ Ready in 1597ms
 ✓ Compiled /middleware in 230ms (174 modules)
 ✓ Compiled /api/auth/[...nextauth] in 447ms (276 modules)
 GET /api/auth/signin?callbackUrl=%2F 302 in 882ms
 ○ Compiling /login ...
 ✓ Compiled /login in 1784ms (907 modules)
 GET /login?callbackUrl=https%3A%2F%2F7414a0bca.preview.abacusai.app%2F 200 in 2182ms
 ✓ Compiled in 414ms (338 modules)
 ○ Compiling / ...
 ✓ Compiled / in 786ms (989 modules)
 GET / 200 in 855ms
 GET /api/auth/session 200 in 65ms
 ✓ Compiled /api/entries in 182ms (643 modules)
 GET /api/auth/session 200 in 389ms
 GET /api/entries?limit=5 200 in 468ms
 GET /api/entries?limit=5 200 in 27ms
 GET /api/auth/signin?callbackUrl=%2F 302 in 26ms
 GET /login?callbackUrl=https%3A%2F%2F7414a0bca.preview.abacusai.app%2F 200 in 64ms
 GET /api/auth/signin?callbackUrl=%2F 302 in 29ms
 GET /login?callbackUrl=https%3A%2F%2F7414a0bca.preview.abacusai.app%2F 200 in 32ms
 GET / 200 in 30ms
 GET /api/auth/session 200 in 31ms
 GET /api/auth/session 200 in 24ms
 GET /api/entries?limit=5 200 in 29ms
 GET /api/entries?limit=5 200 in 21ms
 GET /api/auth/signin?callbackUrl=%2F 302 in 26ms
 GET /api/auth/signin?callbackUrl=%2F 302 in 17ms
 GET /login?callbackUrl=https%3A%2F%2F7414a0bca.preview.abacusai.app%2F 200 in 26ms
 GET /login?callbackUrl=https%3A%2F%2F7414a0bca.preview.abacusai.app%2F 200 in 26ms
 GET / 200 in 25ms
 GET / 200 in 24ms
 GET /api/auth/session 200 in 31ms
 GET /api/auth/session 200 in 20ms
 GET /api/entries?limit=5 200 in 25ms
 GET /api/entries?limit=5 200 in 20ms
